2017-11-12 16:26:33.409 [main] INFO  com.Application -Starting Application on Lenovo-PC with PID 11324 (D:\intellij_workspace\springboot\target\classes started by w in D:\intellij_workspace\springboot)
2017-11-12 16:26:33.413 [main] INFO  com.Application -The following profiles are active: prod
2017-11-12 16:26:33.585 [main] INFO  o.s.b.c.e.AnnotationConfigEmbeddedWebApplicationContext -Refreshing org.springframework.boot.context.embedded.AnnotationConfigEmbeddedWebApplicationContext@31304f14: startup date [Sun Nov 12 16:26:33 CST 2017]; root of context hierarchy
2017-11-12 16:26:33.974 [background-preinit] INFO  o.h.validator.internal.util.Version -HV000001: Hibernate Validator 5.2.4.Final
2017-11-12 16:26:35.717 [main] INFO  o.s.c.s.PostProcessorRegistrationDelegate$BeanPostProcessorChecker -Bean 'org.springframework.transaction.annotation.ProxyTransactionManagementConfiguration' of type [class org.springframework.transaction.annotation.ProxyTransactionManagementConfiguration$$EnhancerBySpringCGLIB$$2980fb1e] is not eligible for getting processed by all BeanPostProcessors (for example: not eligible for auto-proxying)
2017-11-12 16:26:37.400 [main] INFO  o.s.b.c.e.t.TomcatEmbeddedServletContainer -Tomcat initialized with port(s): 8012 (http)
2017-11-12 16:26:37.443 [main] INFO  o.a.catalina.core.StandardService -Starting service Tomcat
2017-11-12 16:26:37.444 [main] INFO  o.a.catalina.core.StandardEngine -Starting Servlet Engine: Apache Tomcat/8.5.4
2017-11-12 16:26:37.759 [localhost-startStop-1] INFO  o.a.c.c.C.[Tomcat].[localhost].[/] -Initializing Spring embedded WebApplicationContext
2017-11-12 16:26:37.759 [localhost-startStop-1] INFO  o.s.web.context.ContextLoader -Root WebApplicationContext: initialization completed in 4174 ms
2017-11-12 16:26:38.010 [localhost-startStop-1] INFO  o.s.b.w.s.ServletRegistrationBean -Mapping servlet: 'dispatcherServlet' to [/]
2017-11-12 16:26:38.015 [localhost-startStop-1] INFO  o.s.b.w.s.FilterRegistrationBean -Mapping filter: 'characterEncodingFilter' to: [/*]
2017-11-12 16:26:38.015 [localhost-startStop-1] INFO  o.s.b.w.s.FilterRegistrationBean -Mapping filter: 'hiddenHttpMethodFilter' to: [/*]
2017-11-12 16:26:38.015 [localhost-startStop-1] INFO  o.s.b.w.s.FilterRegistrationBean -Mapping filter: 'httpPutFormContentFilter' to: [/*]
2017-11-12 16:26:38.016 [localhost-startStop-1] INFO  o.s.b.w.s.FilterRegistrationBean -Mapping filter: 'requestContextFilter' to: [/*]
2017-11-12 16:26:38.886 [main] INFO  o.s.w.s.m.m.a.RequestMappingHandlerAdapter -Looking for @ControllerAdvice: org.springframework.boot.context.embedded.AnnotationConfigEmbeddedWebApplicationContext@31304f14: startup date [Sun Nov 12 16:26:33 CST 2017]; root of context hierarchy
2017-11-12 16:26:38.996 [main] INFO  o.s.w.s.m.m.a.RequestMappingHandlerMapping -Mapped "{[/com.demo]}" onto public java.lang.String com.Application.greeting()
2017-11-12 16:26:39.001 [main] INFO  o.s.w.s.m.m.a.RequestMappingHandlerMapping -Mapped "{[/mydb/getUsers]}" onto public java.util.List<java.util.Map<java.lang.String, java.lang.Object>> com.demo.dbconnection.DBController.getDbType()
2017-11-12 16:26:39.001 [main] INFO  o.s.w.s.m.m.a.RequestMappingHandlerMapping -Mapped "{[/mydb/user/{id}]}" onto public java.util.Map<java.lang.String, java.lang.Object> com.demo.dbconnection.DBController.getUser(java.lang.String)
2017-11-12 16:26:39.005 [main] INFO  o.s.w.s.m.m.a.RequestMappingHandlerMapping -Mapped "{[/]}" onto public java.lang.String com.demo.logdemo.HelloController.helloworld()
2017-11-12 16:26:39.006 [main] INFO  o.s.w.s.m.m.a.RequestMappingHandlerMapping -Mapped "{[/hello/{name}]}" onto public java.lang.String com.demo.logdemo.HelloController.helloName(java.lang.String)
2017-11-12 16:26:39.008 [main] INFO  o.s.w.s.m.m.a.RequestMappingHandlerMapping -Mapped "{[/error]}" onto public org.springframework.http.ResponseEntity<java.util.Map<java.lang.String, java.lang.Object>> org.springframework.boot.autoconfigure.web.BasicErrorController.error(javax.servlet.http.HttpServletRequest)
2017-11-12 16:26:39.009 [main] INFO  o.s.w.s.m.m.a.RequestMappingHandlerMapping -Mapped "{[/error],produces=[text/html]}" onto public org.springframework.web.servlet.ModelAndView org.springframework.boot.autoconfigure.web.BasicErrorController.errorHtml(javax.servlet.http.HttpServletRequest,javax.servlet.http.HttpServletResponse)
2017-11-12 16:26:39.082 [main] INFO  o.s.w.s.h.SimpleUrlHandlerMapping -Mapped URL path [/webjars/**] onto handler of type [class org.springframework.web.servlet.resource.ResourceHttpRequestHandler]
2017-11-12 16:26:39.082 [main] INFO  o.s.w.s.h.SimpleUrlHandlerMapping -Mapped URL path [/**] onto handler of type [class org.springframework.web.servlet.resource.ResourceHttpRequestHandler]
2017-11-12 16:26:39.210 [main] INFO  o.s.w.s.h.SimpleUrlHandlerMapping -Mapped URL path [/**/favicon.ico] onto handler of type [class org.springframework.web.servlet.resource.ResourceHttpRequestHandler]
2017-11-12 16:26:39.468 [main] INFO  o.s.j.e.a.AnnotationMBeanExporter -Registering beans for JMX exposure on startup
2017-11-12 16:26:39.490 [main] INFO  o.a.coyote.http11.Http11NioProtocol -Initializing ProtocolHandler ["http-nio-8012"]
2017-11-12 16:26:39.509 [main] INFO  o.a.coyote.http11.Http11NioProtocol -Starting ProtocolHandler [http-nio-8012]
2017-11-12 16:26:39.621 [main] INFO  o.a.tomcat.util.net.NioSelectorPool -Using a shared selector for servlet write/read
2017-11-12 16:26:39.638 [main] INFO  o.s.b.c.e.t.TomcatEmbeddedServletContainer -Tomcat started on port(s): 8012 (http)
2017-11-12 16:26:39.644 [main] INFO  com.Application -Started Application in 7.187 seconds (JVM running for 8.287)
2017-11-12 16:27:17.197 [main] INFO  com.Application -Starting Application on Lenovo-PC with PID 8500 (D:\intellij_workspace\springboot\target\classes started by w in D:\intellij_workspace\springboot)
2017-11-12 16:27:17.201 [main] INFO  com.Application -The following profiles are active: prod
2017-11-12 16:27:17.430 [main] INFO  o.s.b.c.e.AnnotationConfigEmbeddedWebApplicationContext -Refreshing org.springframework.boot.context.embedded.AnnotationConfigEmbeddedWebApplicationContext@368f2016: startup date [Sun Nov 12 16:27:17 CST 2017]; root of context hierarchy
2017-11-12 16:27:17.606 [background-preinit] INFO  o.h.validator.internal.util.Version -HV000001: Hibernate Validator 5.2.4.Final
2017-11-12 16:27:19.207 [main] INFO  o.s.c.s.PostProcessorRegistrationDelegate$BeanPostProcessorChecker -Bean 'org.springframework.transaction.annotation.ProxyTransactionManagementConfiguration' of type [class org.springframework.transaction.annotation.ProxyTransactionManagementConfiguration$$EnhancerBySpringCGLIB$$4859bb5d] is not eligible for getting processed by all BeanPostProcessors (for example: not eligible for auto-proxying)
2017-11-12 16:27:20.476 [main] INFO  o.s.b.c.e.t.TomcatEmbeddedServletContainer -Tomcat initialized with port(s): 8012 (http)
2017-11-12 16:27:20.493 [main] INFO  o.a.catalina.core.StandardService -Starting service Tomcat
2017-11-12 16:27:20.495 [main] INFO  o.a.catalina.core.StandardEngine -Starting Servlet Engine: Apache Tomcat/8.5.4
2017-11-12 16:27:20.634 [localhost-startStop-1] INFO  o.a.c.c.C.[Tomcat].[localhost].[/] -Initializing Spring embedded WebApplicationContext
2017-11-12 16:27:20.634 [localhost-startStop-1] INFO  o.s.web.context.ContextLoader -Root WebApplicationContext: initialization completed in 3204 ms
2017-11-12 16:27:20.932 [localhost-startStop-1] INFO  o.s.b.w.s.ServletRegistrationBean -Mapping servlet: 'dispatcherServlet' to [/]
2017-11-12 16:27:20.940 [localhost-startStop-1] INFO  o.s.b.w.s.FilterRegistrationBean -Mapping filter: 'characterEncodingFilter' to: [/*]
2017-11-12 16:27:20.941 [localhost-startStop-1] INFO  o.s.b.w.s.FilterRegistrationBean -Mapping filter: 'hiddenHttpMethodFilter' to: [/*]
2017-11-12 16:27:20.941 [localhost-startStop-1] INFO  o.s.b.w.s.FilterRegistrationBean -Mapping filter: 'httpPutFormContentFilter' to: [/*]
2017-11-12 16:27:20.942 [localhost-startStop-1] INFO  o.s.b.w.s.FilterRegistrationBean -Mapping filter: 'requestContextFilter' to: [/*]
2017-11-12 16:27:21.534 [main] INFO  o.s.w.s.m.m.a.RequestMappingHandlerAdapter -Looking for @ControllerAdvice: org.springframework.boot.context.embedded.AnnotationConfigEmbeddedWebApplicationContext@368f2016: startup date [Sun Nov 12 16:27:17 CST 2017]; root of context hierarchy
2017-11-12 16:27:21.647 [main] INFO  o.s.w.s.m.m.a.RequestMappingHandlerMapping -Mapped "{[/com.demo]}" onto public java.lang.String com.Application.greeting()
2017-11-12 16:27:21.651 [main] INFO  o.s.w.s.m.m.a.RequestMappingHandlerMapping -Mapped "{[/mydb/getUsers]}" onto public java.util.List<java.util.Map<java.lang.String, java.lang.Object>> com.demo.dbconnection.DBController.getDbType()
2017-11-12 16:27:21.651 [main] INFO  o.s.w.s.m.m.a.RequestMappingHandlerMapping -Mapped "{[/mydb/user/{id}]}" onto public java.util.Map<java.lang.String, java.lang.Object> com.demo.dbconnection.DBController.getUser(java.lang.String)
2017-11-12 16:27:21.653 [main] INFO  o.s.w.s.m.m.a.RequestMappingHandlerMapping -Mapped "{[/hello/{name}]}" onto public java.lang.String com.demo.logdemo.HelloController.helloName(java.lang.String)
2017-11-12 16:27:21.653 [main] INFO  o.s.w.s.m.m.a.RequestMappingHandlerMapping -Mapped "{[/]}" onto public java.lang.String com.demo.logdemo.HelloController.helloworld()
2017-11-12 16:27:21.656 [main] INFO  o.s.w.s.m.m.a.RequestMappingHandlerMapping -Mapped "{[/error]}" onto public org.springframework.http.ResponseEntity<java.util.Map<java.lang.String, java.lang.Object>> org.springframework.boot.autoconfigure.web.BasicErrorController.error(javax.servlet.http.HttpServletRequest)
2017-11-12 16:27:21.656 [main] INFO  o.s.w.s.m.m.a.RequestMappingHandlerMapping -Mapped "{[/error],produces=[text/html]}" onto public org.springframework.web.servlet.ModelAndView org.springframework.boot.autoconfigure.web.BasicErrorController.errorHtml(javax.servlet.http.HttpServletRequest,javax.servlet.http.HttpServletResponse)
2017-11-12 16:27:21.693 [main] INFO  o.s.w.s.h.SimpleUrlHandlerMapping -Mapped URL path [/webjars/**] onto handler of type [class org.springframework.web.servlet.resource.ResourceHttpRequestHandler]
2017-11-12 16:27:21.693 [main] INFO  o.s.w.s.h.SimpleUrlHandlerMapping -Mapped URL path [/**] onto handler of type [class org.springframework.web.servlet.resource.ResourceHttpRequestHandler]
2017-11-12 16:27:21.755 [main] INFO  o.s.w.s.h.SimpleUrlHandlerMapping -Mapped URL path [/**/favicon.ico] onto handler of type [class org.springframework.web.servlet.resource.ResourceHttpRequestHandler]
2017-11-12 16:27:21.994 [main] INFO  o.s.j.e.a.AnnotationMBeanExporter -Registering beans for JMX exposure on startup
2017-11-12 16:27:22.016 [main] INFO  o.a.coyote.http11.Http11NioProtocol -Initializing ProtocolHandler ["http-nio-8012"]
2017-11-12 16:27:22.032 [main] INFO  o.a.coyote.http11.Http11NioProtocol -Starting ProtocolHandler [http-nio-8012]
2017-11-12 16:27:22.050 [main] INFO  o.a.tomcat.util.net.NioSelectorPool -Using a shared selector for servlet write/read
2017-11-12 16:27:22.073 [main] INFO  o.s.b.c.e.t.TomcatEmbeddedServletContainer -Tomcat started on port(s): 8012 (http)
2017-11-12 16:27:22.079 [main] INFO  com.Application -Started Application in 5.679 seconds (JVM running for 6.705)
2017-11-12 16:28:09.159 [main] INFO  com.Application -Starting Application on Lenovo-PC with PID 6684 (D:\intellij_workspace\springboot\target\classes started by w in D:\intellij_workspace\springboot)
2017-11-12 16:28:09.162 [main] INFO  com.Application -The following profiles are active: prod
2017-11-12 16:28:09.318 [main] INFO  o.s.b.c.e.AnnotationConfigEmbeddedWebApplicationContext -Refreshing org.springframework.boot.context.embedded.AnnotationConfigEmbeddedWebApplicationContext@3270d194: startup date [Sun Nov 12 16:28:09 CST 2017]; root of context hierarchy
2017-11-12 16:28:09.700 [background-preinit] INFO  o.h.validator.internal.util.Version -HV000001: Hibernate Validator 5.2.4.Final
2017-11-12 16:28:11.037 [main] INFO  o.s.c.s.PostProcessorRegistrationDelegate$BeanPostProcessorChecker -Bean 'org.springframework.transaction.annotation.ProxyTransactionManagementConfiguration' of type [class org.springframework.transaction.annotation.ProxyTransactionManagementConfiguration$$EnhancerBySpringCGLIB$$cabaabd1] is not eligible for getting processed by all BeanPostProcessors (for example: not eligible for auto-proxying)
2017-11-12 16:28:12.307 [main] INFO  o.s.b.c.e.t.TomcatEmbeddedServletContainer -Tomcat initialized with port(s): 8012 (http)
2017-11-12 16:28:12.326 [main] INFO  o.a.catalina.core.StandardService -Starting service Tomcat
2017-11-12 16:28:12.328 [main] INFO  o.a.catalina.core.StandardEngine -Starting Servlet Engine: Apache Tomcat/8.5.4
2017-11-12 16:28:12.500 [localhost-startStop-1] INFO  o.a.c.c.C.[Tomcat].[localhost].[/] -Initializing Spring embedded WebApplicationContext
2017-11-12 16:28:12.500 [localhost-startStop-1] INFO  o.s.web.context.ContextLoader -Root WebApplicationContext: initialization completed in 3182 ms
2017-11-12 16:28:12.749 [localhost-startStop-1] INFO  o.s.b.w.s.ServletRegistrationBean -Mapping servlet: 'dispatcherServlet' to [/]
2017-11-12 16:28:12.755 [localhost-startStop-1] INFO  o.s.b.w.s.FilterRegistrationBean -Mapping filter: 'characterEncodingFilter' to: [/*]
2017-11-12 16:28:12.756 [localhost-startStop-1] INFO  o.s.b.w.s.FilterRegistrationBean -Mapping filter: 'hiddenHttpMethodFilter' to: [/*]
2017-11-12 16:28:12.756 [localhost-startStop-1] INFO  o.s.b.w.s.FilterRegistrationBean -Mapping filter: 'httpPutFormContentFilter' to: [/*]
2017-11-12 16:28:12.756 [localhost-startStop-1] INFO  o.s.b.w.s.FilterRegistrationBean -Mapping filter: 'requestContextFilter' to: [/*]
2017-11-12 16:28:13.470 [main] INFO  o.s.w.s.m.m.a.RequestMappingHandlerAdapter -Looking for @ControllerAdvice: org.springframework.boot.context.embedded.AnnotationConfigEmbeddedWebApplicationContext@3270d194: startup date [Sun Nov 12 16:28:09 CST 2017]; root of context hierarchy
2017-11-12 16:28:13.577 [main] INFO  o.s.w.s.m.m.a.RequestMappingHandlerMapping -Mapped "{[/com.demo]}" onto public java.lang.String com.Application.greeting()
2017-11-12 16:28:13.582 [main] INFO  o.s.w.s.m.m.a.RequestMappingHandlerMapping -Mapped "{[/mydb/getUsers]}" onto public java.util.List<java.util.Map<java.lang.String, java.lang.Object>> com.demo.dbconnection.DBController.getDbType()
2017-11-12 16:28:13.584 [main] INFO  o.s.w.s.m.m.a.RequestMappingHandlerMapping -Mapped "{[/mydb/user/{id}]}" onto public java.util.Map<java.lang.String, java.lang.Object> com.demo.dbconnection.DBController.getUser(java.lang.String)
2017-11-12 16:28:13.585 [main] INFO  o.s.w.s.m.m.a.RequestMappingHandlerMapping -Mapped "{[/hello/{name}]}" onto public java.lang.String com.demo.logdemo.HelloController.helloName(java.lang.String)
2017-11-12 16:28:13.585 [main] INFO  o.s.w.s.m.m.a.RequestMappingHandlerMapping -Mapped "{[/]}" onto public java.lang.String com.demo.logdemo.HelloController.helloworld()
2017-11-12 16:28:13.587 [main] INFO  o.s.w.s.m.m.a.RequestMappingHandlerMapping -Mapped "{[/error]}" onto public org.springframework.http.ResponseEntity<java.util.Map<java.lang.String, java.lang.Object>> org.springframework.boot.autoconfigure.web.BasicErrorController.error(javax.servlet.http.HttpServletRequest)
2017-11-12 16:28:13.588 [main] INFO  o.s.w.s.m.m.a.RequestMappingHandlerMapping -Mapped "{[/error],produces=[text/html]}" onto public org.springframework.web.servlet.ModelAndView org.springframework.boot.autoconfigure.web.BasicErrorController.errorHtml(javax.servlet.http.HttpServletRequest,javax.servlet.http.HttpServletResponse)
2017-11-12 16:28:13.631 [main] INFO  o.s.w.s.h.SimpleUrlHandlerMapping -Mapped URL path [/webjars/**] onto handler of type [class org.springframework.web.servlet.resource.ResourceHttpRequestHandler]
2017-11-12 16:28:13.631 [main] INFO  o.s.w.s.h.SimpleUrlHandlerMapping -Mapped URL path [/**] onto handler of type [class org.springframework.web.servlet.resource.ResourceHttpRequestHandler]
2017-11-12 16:28:13.692 [main] INFO  o.s.w.s.h.SimpleUrlHandlerMapping -Mapped URL path [/**/favicon.ico] onto handler of type [class org.springframework.web.servlet.resource.ResourceHttpRequestHandler]
2017-11-12 16:28:13.916 [main] INFO  o.s.j.e.a.AnnotationMBeanExporter -Registering beans for JMX exposure on startup
2017-11-12 16:28:13.939 [main] INFO  o.a.coyote.http11.Http11NioProtocol -Initializing ProtocolHandler ["http-nio-8012"]
2017-11-12 16:28:13.956 [main] INFO  o.a.coyote.http11.Http11NioProtocol -Starting ProtocolHandler [http-nio-8012]
2017-11-12 16:28:13.977 [main] INFO  o.a.tomcat.util.net.NioSelectorPool -Using a shared selector for servlet write/read
2017-11-12 16:28:14.006 [main] INFO  o.s.b.c.e.t.TomcatEmbeddedServletContainer -Tomcat started on port(s): 8012 (http)
2017-11-12 16:28:14.015 [main] INFO  com.Application -Started Application in 5.65 seconds (JVM running for 6.598)
2017-11-12 16:30:47.889 [main] INFO  com.Application -Starting Application on Lenovo-PC with PID 7552 (D:\intellij_workspace\springboot\target\classes started by w in D:\intellij_workspace\springboot)
2017-11-12 16:30:47.894 [main] INFO  com.Application -The following profiles are active: prod
2017-11-12 16:30:48.110 [main] INFO  o.s.b.c.e.AnnotationConfigEmbeddedWebApplicationContext -Refreshing org.springframework.boot.context.embedded.AnnotationConfigEmbeddedWebApplicationContext@368f2016: startup date [Sun Nov 12 16:30:48 CST 2017]; root of context hierarchy
2017-11-12 16:30:48.677 [background-preinit] INFO  o.h.validator.internal.util.Version -HV000001: Hibernate Validator 5.2.4.Final
2017-11-12 16:30:50.123 [main] INFO  o.s.c.s.PostProcessorRegistrationDelegate$BeanPostProcessorChecker -Bean 'org.springframework.transaction.annotation.ProxyTransactionManagementConfiguration' of type [class org.springframework.transaction.annotation.ProxyTransactionManagementConfiguration$$EnhancerBySpringCGLIB$$4859bb5d] is not eligible for getting processed by all BeanPostProcessors (for example: not eligible for auto-proxying)
2017-11-12 16:30:51.815 [main] INFO  o.s.b.c.e.t.TomcatEmbeddedServletContainer -Tomcat initialized with port(s): 8012 (http)
2017-11-12 16:30:51.845 [main] INFO  o.a.catalina.core.StandardService -Starting service Tomcat
2017-11-12 16:30:51.848 [main] INFO  o.a.catalina.core.StandardEngine -Starting Servlet Engine: Apache Tomcat/8.5.4
2017-11-12 16:30:52.072 [localhost-startStop-1] INFO  o.a.c.c.C.[Tomcat].[localhost].[/] -Initializing Spring embedded WebApplicationContext
2017-11-12 16:30:52.072 [localhost-startStop-1] INFO  o.s.web.context.ContextLoader -Root WebApplicationContext: initialization completed in 3962 ms
2017-11-12 16:30:52.364 [localhost-startStop-1] INFO  o.s.b.w.s.ServletRegistrationBean -Mapping servlet: 'dispatcherServlet' to [/]
2017-11-12 16:30:52.371 [localhost-startStop-1] INFO  o.s.b.w.s.FilterRegistrationBean -Mapping filter: 'characterEncodingFilter' to: [/*]
2017-11-12 16:30:52.372 [localhost-startStop-1] INFO  o.s.b.w.s.FilterRegistrationBean -Mapping filter: 'hiddenHttpMethodFilter' to: [/*]
2017-11-12 16:30:52.372 [localhost-startStop-1] INFO  o.s.b.w.s.FilterRegistrationBean -Mapping filter: 'httpPutFormContentFilter' to: [/*]
2017-11-12 16:30:52.372 [localhost-startStop-1] INFO  o.s.b.w.s.FilterRegistrationBean -Mapping filter: 'requestContextFilter' to: [/*]
2017-11-12 16:30:53.159 [main] INFO  o.s.w.s.m.m.a.RequestMappingHandlerAdapter -Looking for @ControllerAdvice: org.springframework.boot.context.embedded.AnnotationConfigEmbeddedWebApplicationContext@368f2016: startup date [Sun Nov 12 16:30:48 CST 2017]; root of context hierarchy
2017-11-12 16:30:53.327 [main] INFO  o.s.w.s.m.m.a.RequestMappingHandlerMapping -Mapped "{[/com.demo]}" onto public java.lang.String com.Application.greeting()
2017-11-12 16:30:53.332 [main] INFO  o.s.w.s.m.m.a.RequestMappingHandlerMapping -Mapped "{[/mydb/user/{id}]}" onto public java.util.Map<java.lang.String, java.lang.Object> com.demo.dbconnection.DBController.getUser(java.lang.String)
2017-11-12 16:30:53.333 [main] INFO  o.s.w.s.m.m.a.RequestMappingHandlerMapping -Mapped "{[/mydb/getUsers]}" onto public java.util.List<java.util.Map<java.lang.String, java.lang.Object>> com.demo.dbconnection.DBController.getDbType()
2017-11-12 16:30:53.333 [main] INFO  o.s.w.s.m.m.a.RequestMappingHandlerMapping -Mapped "{[/hello/{name}]}" onto public java.lang.String com.demo.logdemo.HelloController.helloName(java.lang.String)
2017-11-12 16:30:53.334 [main] INFO  o.s.w.s.m.m.a.RequestMappingHandlerMapping -Mapped "{[/]}" onto public java.lang.String com.demo.logdemo.HelloController.helloworld()
2017-11-12 16:30:53.335 [main] INFO  o.s.w.s.m.m.a.RequestMappingHandlerMapping -Mapped "{[/error]}" onto public org.springframework.http.ResponseEntity<java.util.Map<java.lang.String, java.lang.Object>> org.springframework.boot.autoconfigure.web.BasicErrorController.error(javax.servlet.http.HttpServletRequest)
2017-11-12 16:30:53.336 [main] INFO  o.s.w.s.m.m.a.RequestMappingHandlerMapping -Mapped "{[/error],produces=[text/html]}" onto public org.springframework.web.servlet.ModelAndView org.springframework.boot.autoconfigure.web.BasicErrorController.errorHtml(javax.servlet.http.HttpServletRequest,javax.servlet.http.HttpServletResponse)
2017-11-12 16:30:53.385 [main] INFO  o.s.w.s.h.SimpleUrlHandlerMapping -Mapped URL path [/webjars/**] onto handler of type [class org.springframework.web.servlet.resource.ResourceHttpRequestHandler]
2017-11-12 16:30:53.386 [main] INFO  o.s.w.s.h.SimpleUrlHandlerMapping -Mapped URL path [/**] onto handler of type [class org.springframework.web.servlet.resource.ResourceHttpRequestHandler]
2017-11-12 16:30:53.455 [main] INFO  o.s.w.s.h.SimpleUrlHandlerMapping -Mapped URL path [/**/favicon.ico] onto handler of type [class org.springframework.web.servlet.resource.ResourceHttpRequestHandler]
2017-11-12 16:30:53.804 [main] INFO  o.s.j.e.a.AnnotationMBeanExporter -Registering beans for JMX exposure on startup
2017-11-12 16:30:53.861 [main] INFO  o.a.coyote.http11.Http11NioProtocol -Initializing ProtocolHandler ["http-nio-8012"]
2017-11-12 16:30:53.894 [main] INFO  o.a.coyote.http11.Http11NioProtocol -Starting ProtocolHandler [http-nio-8012]
2017-11-12 16:30:53.920 [main] INFO  o.a.tomcat.util.net.NioSelectorPool -Using a shared selector for servlet write/read
2017-11-12 16:30:53.970 [main] INFO  o.s.b.c.e.t.TomcatEmbeddedServletContainer -Tomcat started on port(s): 8012 (http)
2017-11-12 16:30:53.978 [main] INFO  com.Application -Started Application in 6.846 seconds (JVM running for 7.849)
